\BOOKMARK [0][-]{chapter*.2}{Introduction}{}% 1
\BOOKMARK [0][-]{chapter*.3}{Task 1: Sudoku}{}% 2
\BOOKMARK [1][-]{section.1.1}{Other Viewpoint}{chapter*.3}% 3
\BOOKMARK [1][-]{section.1.2}{Criteria to judge if a viewpoint is good or not}{chapter*.3}% 4
\BOOKMARK [1][-]{section.1.3}{Channeling}{chapter*.3}% 5
\BOOKMARK [1][-]{section.1.4}{Experiments}{chapter*.3}% 6
\BOOKMARK [2][-]{subsection.1.4.1}{ECLiPSe}{section.1.4}% 7
\BOOKMARK [2][-]{subsection.1.4.2}{Impact of the different search strategies and alldifferent}{section.1.4}% 8
\BOOKMARK [2][-]{subsection.1.4.3}{Analysis of differences}{section.1.4}% 9
\BOOKMARK [2][-]{subsection.1.4.4}{CHR}{section.1.4}% 10
\BOOKMARK [0][-]{chapter*.27}{Task 2: Hashiwokakero}{}% 11
\BOOKMARK [1][-]{section.2.1}{ECLiPSe}{chapter*.27}% 12
\BOOKMARK [2][-]{subsection.2.1.1}{Basic solver}{section.2.1}% 13
\BOOKMARK [2][-]{subsection.2.1.2}{Improvements}{section.2.1}% 14
\BOOKMARK [2][-]{subsection.2.1.3}{Experiments}{section.2.1}% 15
\BOOKMARK [1][-]{section.2.2}{CHR}{chapter*.27}% 16
\BOOKMARK [2][-]{subsection.2.2.1}{Data representation}{section.2.2}% 17
\BOOKMARK [2][-]{subsection.2.2.2}{Constraints representation}{section.2.2}% 18
\BOOKMARK [2][-]{subsection.2.2.3}{Propagation and search}{section.2.2}% 19
\BOOKMARK [2][-]{subsection.2.2.4}{Connectivity constraint}{section.2.2}% 20
\BOOKMARK [2][-]{subsection.2.2.5}{Improvements}{section.2.2}% 21
\BOOKMARK [2][-]{subsection.2.2.6}{Experiments}{section.2.2}% 22
\BOOKMARK [0][-]{chapter*.36}{Conclusion}{}% 23
\BOOKMARK [1][-]{section.3.1}{Weak points}{chapter*.36}% 24
\BOOKMARK [1][-]{section.3.2}{Strong points}{chapter*.36}% 25
\BOOKMARK [1][-]{section.3.3}{Lessons learned}{chapter*.36}% 26
\BOOKMARK [0][-]{chapter*.37}{Appendix}{}% 27
